Build started 19.11.2014 20:34:15.
Project "C:\Documents and Settings\Администратор\мои документы\visual studio 2010\Projects\1\1\1.vcxproj" on node 2 (build target(s)).
InitializeBuildStatus:
  Creating "Debug\1.unsuccessfulbuild" because "AlwaysCreate" was specified.
ClCompile:
  C:\Program Files\Microsoft Visual Studio 10.0\VC\bin\CL.exe /c /ZI /nologo /W3 /WX- /Od /Oy- /D WIN32 /D _DEBUG /D _CONSOLE /D _UNICODE /D UNICODE /Gm /EHsc /RTC1 /MDd /GS /fp:precise /Zc:wchar_t /Zc:forScope /Fo"Debug\\" /Fd"Debug\vc100.pdb" /Gd /TP /analyze- /errorReport:prompt "..\..\..\..\..\Мои документы\Visual Studio 2010\Projects\1\1\1.cpp"
  1.cpp
ManifestResourceCompile:
  All outputs are up-to-date.
Link:
  C:\Program Files\Microsoft Visual Studio 10.0\VC\bin\link.exe /ERRORREPORT:PROMPT /OUT:"C:\Documents and Settings\Администратор\мои документы\visual studio 2010\Projects\1\Debug\1.exe" /INCREMENTAL /NOLOGO kernel32.lib user32.lib gdi32.lib winspool.lib comdlg32.lib advapi32.lib shell32.lib ole32.lib oleaut32.lib uuid.lib odbc32.lib odbccp32.lib /MANIFEST /ManifestFile:"Debug\1.exe.intermediate.manifest" /MANIFESTUAC:"level='asInvoker' uiAccess='false'" /DEBUG /PDB:"C:\Documents and Settings\Администратор\мои документы\visual studio 2010\Projects\1\Debug\1.pdb" /SUBSYSTEM:CONSOLE /TLBID:1 /DYNAMICBASE /NXCOMPAT /IMPLIB:"C:\Documents and Settings\Администратор\мои документы\visual studio 2010\Projects\1\Debug\1.lib" /MACHINE:X86 Debug\1.exe.embed.manifest.res
  Debug\1.obj
Manifest:
  C:\Program Files\Microsoft SDKs\Windows\v7.0A\bin\mt.exe /nologo /verbose /out:"Debug\1.exe.embed.manifest" /manifest Debug\1.exe.intermediate.manifest
  All outputs are up-to-date.
LinkEmbedManifest:
  All outputs are up-to-date.
  1.vcxproj -> C:\Documents and Settings\Администратор\мои документы\visual studio 2010\Projects\1\Debug\1.exe
FinalizeBuildStatus:
  Deleting file "Debug\1.unsuccessfulbuild".
  Touching "Debug\1.lastbuildstate".
Done Building Project "C:\Documents and Settings\Администратор\мои документы\visual studio 2010\Projects\1\1\1.vcxproj" (build target(s)).

Build succeeded.

Time Elapsed 00:00:02.07
