C:\DOCUMENTS AND SETTINGS\администратор\мои документы\VISUAL STUDIO 2010\PROJECTS\AKINATOR\AKINATOR\DEBUG\AKINATOR.EXE.EMBED.MANIFEST
C:\DOCUMENTS AND SETTINGS\администратор\мои документы\VISUAL STUDIO 2010\PROJECTS\AKINATOR\AKINATOR\DEBUG\AKINATOR.EXE.EMBED.MANIFEST.RES
C:\DOCUMENTS AND SETTINGS\администратор\мои документы\VISUAL STUDIO 2010\PROJECTS\AKINATOR\AKINATOR\DEBUG\AKINATOR.EXE.INTERMEDIATE.MANIFEST
C:\Documents and Settings\Администратор\мои документы\visual studio 2010\Projects\Akinator\Akinator\Debug\Akinator_manifest.rc
C:\Documents and Settings\Администратор\мои документы\visual studio 2010\Projects\Akinator\Akinator\Debug\cl.command.1.tlog
C:\Documents and Settings\Администратор\мои документы\visual studio 2010\Projects\Akinator\Akinator\Debug\CL.read.1.tlog
C:\Documents and Settings\Администратор\мои документы\visual studio 2010\Projects\Akinator\Akinator\Debug\CL.write.1.tlog
C:\Documents and Settings\Администратор\мои документы\visual studio 2010\Projects\Akinator\Akinator\Debug\link.3364.read.1.tlog
C:\Documents and Settings\Администратор\мои документы\visual studio 2010\Projects\Akinator\Akinator\Debug\link.3364.write.1.tlog
C:\Documents and Settings\Администратор\мои документы\visual studio 2010\Projects\Akinator\Akinator\Debug\link.3364-cvtres.read.1.tlog
C:\Documents and Settings\Администратор\мои документы\visual studio 2010\Projects\Akinator\Akinator\Debug\link.3364-cvtres.write.1.tlog
C:\Documents and Settings\Администратор\мои документы\visual studio 2010\Projects\Akinator\Akinator\Debug\link.command.1.tlog
C:\Documents and Settings\Администратор\мои документы\visual studio 2010\Projects\Akinator\Akinator\Debug\link.read.1.tlog
C:\Documents and Settings\Администратор\мои документы\visual studio 2010\Projects\Akinator\Akinator\Debug\link.write.1.tlog
C:\Documents and Settings\Администратор\мои документы\visual studio 2010\Projects\Akinator\Akinator\Debug\link-cvtres.read.1.tlog
C:\Documents and Settings\Администратор\мои документы\visual studio 2010\Projects\Akinator\Akinator\Debug\link-cvtres.write.1.tlog
C:\Documents and Settings\Администратор\мои документы\visual studio 2010\Projects\Akinator\Akinator\Debug\mt.command.1.tlog
C:\Documents and Settings\Администратор\мои документы\visual studio 2010\Projects\Akinator\Akinator\Debug\mt.read.1.tlog
C:\Documents and Settings\Администратор\мои документы\visual studio 2010\Projects\Akinator\Akinator\Debug\mt.write.1.tlog
C:\Documents and Settings\Администратор\мои документы\visual studio 2010\Projects\Akinator\Akinator\Debug\rc.command.1.tlog
C:\Documents and Settings\Администратор\мои документы\visual studio 2010\Projects\Akinator\Akinator\Debug\rc.read.1.tlog
C:\Documents and Settings\Администратор\мои документы\visual studio 2010\Projects\Akinator\Akinator\Debug\rc.write.1.tlog
C:\Documents and Settings\Администратор\мои документы\visual studio 2010\Projects\Akinator\Akinator\Debug\vc100.idb
C:\DOCUMENTS AND SETTINGS\АДМИНИСТРАТОР\МОИ ДОКУМЕНТЫ\VISUAL STUDIO 2010\PROJECTS\AKINATOR\AKINATOR\DEBUG\VC100.PDB
C:\DOCUMENTS AND SETTINGS\администратор\мои документы\VISUAL STUDIO 2010\PROJECTS\AKINATOR\DEBUG\AKINATOR.EXE
C:\DOCUMENTS AND SETTINGS\администратор\мои документы\VISUAL STUDIO 2010\PROJECTS\AKINATOR\DEBUG\AKINATOR.ILK
C:\DOCUMENTS AND SETTINGS\АДМИНИСТРАТОР\МОИ ДОКУМЕНТЫ\VISUAL STUDIO 2010\PROJECTS\AKINATOR\DEBUG\AKINATOR.PDB
